2026-02-22 17:28:45,767 - AQI_PIPELINE - INFO - ========== FEATURE PIPELINE STARTED ==========
2026-02-22 17:28:45,768 - AQI_PIPELINE - INFO - Connecting to MongoDB Atlas...
2026-02-22 17:28:48,373 - AQI_PIPELINE - INFO - Connected to MongoDB | DB: pearls_aqi
2026-02-22 17:28:50,865 - AQI_PIPELINE - INFO - CLEAN rows loaded: 4380
2026-02-22 17:28:51,392 - AQI_PIPELINE - INFO - ========== FEATURE PIPELINE COMPLETED | MODE=inference | ROWS=1 | COLUMNS=86 ==========
2026-02-22 17:30:25,333 - AQI_PIPELINE - INFO - ========== FEATURE PIPELINE STARTED ==========
2026-02-22 17:30:25,334 - AQI_PIPELINE - INFO - Connecting to MongoDB Atlas...
2026-02-22 17:30:27,644 - AQI_PIPELINE - INFO - Connected to MongoDB | DB: pearls_aqi
2026-02-22 17:30:30,282 - AQI_PIPELINE - INFO - CLEAN rows loaded: 4380
2026-02-22 17:31:01,131 - AQI_PIPELINE - INFO - ========== FEATURE PIPELINE STARTED ==========
2026-02-22 17:31:01,131 - AQI_PIPELINE - INFO - Connecting to MongoDB Atlas...
2026-02-22 17:31:02,458 - AQI_PIPELINE - INFO - Connected to MongoDB | DB: pearls_aqi
2026-02-22 17:31:04,297 - AQI_PIPELINE - INFO - CLEAN rows loaded: 4380
2026-02-22 17:41:45,672 - AQI_PIPELINE - INFO - ========== FEATURE PIPELINE COMPLETED | MODE=training | ROWS=4308 | COLUMNS=90 ==========
2026-02-22 17:44:46,587 - AQI_PIPELINE - INFO - ========== FEATURE CLEANING STARTED | MODE=TRAINING ==========
2026-02-22 17:44:46,587 - AQI_PIPELINE - INFO - Connecting to MongoDB Atlas...
2026-02-22 17:44:48,541 - AQI_PIPELINE - INFO - Connected to MongoDB | DB: pearls_aqi
2026-02-22 17:44:58,085 - AQI_PIPELINE - INFO - Loaded feature rows: 4308
2026-02-22 17:45:33,002 - AQI_PIPELINE - INFO - Bulk upsert complete | Inserted: 4308 | Modified: 0
2026-02-22 17:45:33,003 - AQI_PIPELINE - INFO - ========== FEATURE CLEANING COMPLETE | ROWS=4308 | MODE=TRAINING ==========
2026-02-22 21:51:21,753 - AQI_PIPELINE - INFO - ========== FEATURE PIPELINE STARTED ==========
2026-02-22 21:51:21,754 - AQI_PIPELINE - INFO - Connecting to MongoDB Atlas...
2026-02-22 21:51:25,888 - AQI_PIPELINE - INFO - Connected to MongoDB | DB: pearls_aqi
2026-02-22 21:51:33,699 - AQI_PIPELINE - INFO - CLEAN rows loaded: 4385
2026-02-22 21:51:34,512 - AQI_PIPELINE - INFO - ========== FEATURE PIPELINE COMPLETED | MODE=inference | ROWS=1 | COLUMNS=86 ==========
2026-02-22 21:52:09,073 - AQI_PIPELINE - INFO - ========== FEATURE CLEANING STARTED | MODE=INFERENCE ==========
2026-02-22 21:52:09,073 - AQI_PIPELINE - INFO - Connecting to MongoDB Atlas...
2026-02-22 21:52:12,172 - AQI_PIPELINE - INFO - Connected to MongoDB | DB: pearls_aqi
2026-02-22 21:54:02,931 - AQI_PIPELINE - INFO - Loaded feature rows: 4314
2026-02-22 21:54:03,479 - AQI_PIPELINE - WARNING - Dropping constant columns: ['aqi_delta_1h', 'aqi_delta_24h', 'aqi_delta_3h', 'aqi_delta_6h', 'aqi_lag_12h', 'aqi_lag_1h', 'aqi_lag_24h', 'aqi_lag_3h', 'aqi_lag_48h', 'aqi_lag_6h', 'aqi_lag_72h', 'aqi_roll_mean_12h', 'aqi_roll_mean_24h', 'aqi_roll_mean_6h', 'aqi_roll_std_12h', 'aqi_roll_std_24h', 'co', 'co_lag_12h', 'co_lag_1h', 'co_lag_24h', 'co_lag_3h', 'co_lag_6h', 'day_of_week', 'dow_cos', 'dow_sin', 'hour', 'hour_cos', 'hour_sin', 'humidity', 'humidity_lag_1h', 'humidity_lag_24h', 'is_weekend', 'month', 'no2', 'no2_lag_12h', 'no2_lag_1h', 'no2_lag_24h', 'no2_lag_3h', 'no2_lag_6h', 'no2_o3_ratio', 'o3', 'o3_lag_12h', 'o3_lag_1h', 'o3_lag_24h', 'o3_lag_3h', 'o3_lag_6h', 'pm10', 'pm10_lag_12h', 'pm10_lag_1h', 'pm10_lag_24h', 'pm10_lag_3h', 'pm10_lag_6h', 'pm2_5', 'pm2_5_lag_12h', 'pm2_5_lag_1h', 'pm2_5_lag_24h', 'pm2_5_lag_3h', 'pm2_5_lag_6h', 'pm2_5_pm10_ratio', 'precipitation', 'precipitation_lag_1h', 'precipitation_lag_24h', 'pressure', 'pressure_lag_1h', 'pressure_lag_24h', 'so2', 'so2_lag_12h', 'so2_lag_1h', 'so2_lag_24h', 'so2_lag_3h', 'so2_lag_6h', 'temperature', 'temperature_lag_1h', 'temperature_lag_24h', 'wind_direction', 'wind_direction_lag_1h', 'wind_direction_lag_24h', 'wind_speed', 'wind_speed_lag_1h', 'wind_speed_lag_24h']
2026-02-22 21:58:29,642 - AQI_PIPELINE - INFO - ========== FEATURE CLEANING STARTED | MODE=INFERENCE ==========
2026-02-22 21:58:29,644 - AQI_PIPELINE - INFO - Connecting to MongoDB Atlas...
2026-02-22 21:58:36,263 - AQI_PIPELINE - INFO - Connected to MongoDB | DB: pearls_aqi
2026-02-22 21:59:35,346 - AQI_PIPELINE - INFO - Loaded feature rows: 4314
2026-02-22 21:59:35,476 - AQI_PIPELINE - WARNING - Dropping constant columns: ['aqi_delta_1h', 'aqi_delta_24h', 'aqi_delta_3h', 'aqi_delta_6h', 'aqi_lag_12h', 'aqi_lag_1h', 'aqi_lag_24h', 'aqi_lag_3h', 'aqi_lag_48h', 'aqi_lag_6h', 'aqi_lag_72h', 'aqi_roll_mean_12h', 'aqi_roll_mean_24h', 'aqi_roll_mean_6h', 'aqi_roll_std_12h', 'aqi_roll_std_24h', 'co', 'co_lag_12h', 'co_lag_1h', 'co_lag_24h', 'co_lag_3h', 'co_lag_6h', 'day_of_week', 'dow_cos', 'dow_sin', 'hour', 'hour_cos', 'hour_sin', 'humidity', 'humidity_lag_1h', 'humidity_lag_24h', 'is_weekend', 'month', 'no2', 'no2_lag_12h', 'no2_lag_1h', 'no2_lag_24h', 'no2_lag_3h', 'no2_lag_6h', 'no2_o3_ratio', 'o3', 'o3_lag_12h', 'o3_lag_1h', 'o3_lag_24h', 'o3_lag_3h', 'o3_lag_6h', 'pm10', 'pm10_lag_12h', 'pm10_lag_1h', 'pm10_lag_24h', 'pm10_lag_3h', 'pm10_lag_6h', 'pm2_5', 'pm2_5_lag_12h', 'pm2_5_lag_1h', 'pm2_5_lag_24h', 'pm2_5_lag_3h', 'pm2_5_lag_6h', 'pm2_5_pm10_ratio', 'precipitation', 'precipitation_lag_1h', 'precipitation_lag_24h', 'pressure', 'pressure_lag_1h', 'pressure_lag_24h', 'so2', 'so2_lag_12h', 'so2_lag_1h', 'so2_lag_24h', 'so2_lag_3h', 'so2_lag_6h', 'temperature', 'temperature_lag_1h', 'temperature_lag_24h', 'wind_direction', 'wind_direction_lag_1h', 'wind_direction_lag_24h', 'wind_speed', 'wind_speed_lag_1h', 'wind_speed_lag_24h']
2026-02-22 21:59:35,759 - AQI_PIPELINE - INFO - Bulk upsert complete | Inserted: 1 | Modified: 0
2026-02-22 21:59:35,759 - AQI_PIPELINE - INFO - ========== FEATURE CLEANING COMPLETE | ROWS=1 | MODE=INFERENCE ==========
