2026-02-05 09:53:35,637 - AQI_PIPELINE - INFO - Connecting to MongoDB Atlas...
2026-02-05 09:53:37,075 - AQI_PIPELINE - INFO - Connected to MongoDB | DB: pearls_aqi
2026-02-05 09:53:37,075 - AQI_PIPELINE - INFO - MongoDB connection test successful.
2026-02-05 10:10:18,573 - AQI_PIPELINE - INFO - Starting raw data ingestion...
2026-02-05 10:10:20,347 - AQI_PIPELINE - INFO - Connecting to MongoDB Atlas...
2026-02-05 10:10:22,237 - AQI_PIPELINE - INFO - Connected to MongoDB | DB: pearls_aqi
2026-02-05 10:10:22,437 - AQI_PIPELINE - INFO - Data successfully stored in MongoDB.
2026-02-05 10:21:58,889 - AQI_PIPELINE - INFO - Starting AQI historical backfill pipeline...
2026-02-05 10:21:58,889 - AQI_PIPELINE - INFO - Connecting to MongoDB Atlas...
2026-02-05 10:22:00,225 - AQI_PIPELINE - INFO - Connected to MongoDB | DB: pearls_aqi
2026-02-05 10:22:00,230 - AQI_PIPELINE - INFO - Backfill window: 2025-09-08 -> 2026-02-05
2026-02-05 10:22:00,231 - AQI_PIPELINE - INFO - Fetching Air Pollution historical data...
2026-02-05 10:22:03,438 - AQI_PIPELINE - INFO - AQI records fetched: 3552
2026-02-05 10:22:03,505 - AQI_PIPELINE - INFO - Fetching Weather historical data...
2026-02-05 10:22:05,064 - AQI_PIPELINE - INFO - Weather records fetched: 3624
2026-02-05 10:22:05,086 - AQI_PIPELINE - INFO - Merged dataset size: 3552
2026-02-05 10:27:56,426 - AQI_PIPELINE - INFO - Records upserted: 3552
2026-02-05 10:38:48,530 - AQI_PIPELINE - INFO - Starting AQI historical backfill pipeline...
2026-02-05 10:38:48,533 - AQI_PIPELINE - INFO - Connecting to MongoDB Atlas...
2026-02-05 10:38:49,697 - AQI_PIPELINE - INFO - Connected to MongoDB | DB: pearls_aqi
2026-02-05 10:38:49,702 - AQI_PIPELINE - INFO - Backfill window: 2025-08-09 -> 2026-02-05
2026-02-05 10:38:49,703 - AQI_PIPELINE - INFO - Fetching Air Pollution historical data...
2026-02-05 10:41:33,206 - AQI_PIPELINE - INFO - Starting AQI historical backfill pipeline...
2026-02-05 10:41:33,207 - AQI_PIPELINE - INFO - Connecting to MongoDB Atlas...
2026-02-05 10:41:34,579 - AQI_PIPELINE - INFO - Connected to MongoDB | DB: pearls_aqi
2026-02-05 10:41:34,582 - AQI_PIPELINE - INFO - Backfill window: 2025-08-09 -> 2026-02-05
2026-02-05 10:41:34,583 - AQI_PIPELINE - INFO - Fetching Air Pollution historical data...
2026-02-05 10:41:38,633 - AQI_PIPELINE - INFO - AQI rows fetched: 4272
2026-02-05 10:41:38,636 - AQI_PIPELINE - INFO - Fetching Weather historical data...
2026-02-05 10:41:39,725 - AQI_PIPELINE - INFO - Weather rows fetched: 4344
2026-02-05 10:41:39,730 - AQI_PIPELINE - INFO - Aligning timestamps on full hourly grid...
2026-02-05 10:41:39,753 - AQI_PIPELINE - INFO - Dropped empty AQI rows: 72
2026-02-05 10:41:39,769 - AQI_PIPELINE - INFO - Final merged rows: 4272
2026-02-05 10:49:03,135 - AQI_PIPELINE - INFO - Records upserted: 4272
2026-02-05 11:06:39,973 - AQI_PIPELINE - INFO - Building CLEAN dataset from RAW...
2026-02-05 11:06:39,973 - AQI_PIPELINE - INFO - Connecting to MongoDB Atlas...
2026-02-05 11:06:42,261 - AQI_PIPELINE - INFO - Connected to MongoDB | DB: pearls_aqi
2026-02-05 11:06:43,742 - AQI_PIPELINE - INFO - RAW rows loaded: 4272
2026-02-05 11:06:43,971 - AQI_PIPELINE - INFO - Running schema validation...
2026-02-05 11:06:44,024 - AQI_PIPELINE - INFO - Dropped 0 rows due to null timestamp/target
2026-02-05 11:06:44,027 - AQI_PIPELINE - INFO - Applying value bounds...
2026-02-05 11:06:44,051 - AQI_PIPELINE - INFO - Checking time-series continuity...
2026-02-05 11:06:44,065 - AQI_PIPELINE - INFO - Removed 0 duplicate timestamps
2026-02-05 11:06:44,084 - AQI_PIPELINE - INFO - Missing timestamps detected: 48
2026-02-05 11:06:44,094 - AQI_PIPELINE - INFO - Cleaning dataset...
2026-02-05 11:06:44,151 - AQI_PIPELINE - INFO - Dropped 42 rows with null target
2026-02-05 11:06:44,171 - AQI_PIPELINE - INFO - Final clean rows: 4278
2026-02-05 11:06:44,179 - AQI_PIPELINE - INFO - CLEAN rows ready: 4278
2026-02-05 11:11:18,259 - AQI_PIPELINE - INFO - Building CLEAN dataset from RAW...
2026-02-05 11:11:18,260 - AQI_PIPELINE - INFO - Connecting to MongoDB Atlas...
2026-02-05 11:11:19,494 - AQI_PIPELINE - INFO - Connected to MongoDB | DB: pearls_aqi
2026-02-05 11:11:20,772 - AQI_PIPELINE - INFO - RAW rows loaded: 4272
2026-02-05 11:11:20,780 - AQI_PIPELINE - INFO - Running schema validation...
2026-02-05 11:11:20,799 - AQI_PIPELINE - INFO - Dropped 0 rows due to null timestamp/target
2026-02-05 11:11:20,800 - AQI_PIPELINE - INFO - Applying value bounds...
2026-02-05 11:11:20,811 - AQI_PIPELINE - INFO - Checking time-series continuity...
2026-02-05 11:11:20,818 - AQI_PIPELINE - INFO - Removed 0 duplicate timestamps
2026-02-05 11:11:20,826 - AQI_PIPELINE - INFO - Missing timestamps detected: 48
2026-02-05 11:11:20,830 - AQI_PIPELINE - INFO - Cleaning dataset...
2026-02-05 11:11:20,847 - AQI_PIPELINE - INFO - Dropped 42 rows with null target
2026-02-05 11:11:20,853 - AQI_PIPELINE - INFO - Final clean rows: 4278
2026-02-05 11:11:20,861 - AQI_PIPELINE - INFO - CLEAN rows ready: 4278
2026-02-05 11:14:15,867 - AQI_PIPELINE - INFO - Building CLEAN dataset from RAW...
2026-02-05 11:14:15,869 - AQI_PIPELINE - INFO - Connecting to MongoDB Atlas...
2026-02-05 11:14:17,679 - AQI_PIPELINE - INFO - Connected to MongoDB | DB: pearls_aqi
2026-02-05 11:14:18,851 - AQI_PIPELINE - INFO - RAW rows loaded: 4272
2026-02-05 11:14:18,851 - AQI_PIPELINE - INFO - Starting RAW -> CLEAN pipeline...
2026-02-05 11:14:18,859 - AQI_PIPELINE - INFO - Running schema validation...
2026-02-05 11:14:18,873 - AQI_PIPELINE - INFO - Dropped 0 rows due to null timestamp/target
2026-02-05 11:14:18,874 - AQI_PIPELINE - INFO - Applying value bounds...
2026-02-05 11:14:18,889 - AQI_PIPELINE - INFO - Checking time-series continuity...
2026-02-05 11:14:18,897 - AQI_PIPELINE - INFO - Removed 0 duplicate timestamps
2026-02-05 11:14:18,902 - AQI_PIPELINE - INFO - Missing timestamps detected: 48
2026-02-05 11:14:18,908 - AQI_PIPELINE - INFO - Cleaning dataset...
2026-02-05 11:14:18,942 - AQI_PIPELINE - INFO - Dropped 42 rows with null target
2026-02-05 11:14:18,943 - AQI_PIPELINE - INFO - Final clean rows: 4278
2026-02-05 11:14:18,990 - AQI_PIPELINE - INFO - CLEAN rows ready: 4278
2026-02-05 11:30:50,194 - AQI_PIPELINE - INFO - Starting FEATURE ENGINEERING pipeline...
2026-02-05 11:30:50,194 - AQI_PIPELINE - INFO - Loading CLEAN dataset...
2026-02-05 11:30:50,195 - AQI_PIPELINE - INFO - Connecting to MongoDB Atlas...
2026-02-05 11:30:51,735 - AQI_PIPELINE - INFO - Connected to MongoDB | DB: pearls_aqi
2026-02-05 11:33:38,581 - AQI_PIPELINE - INFO - Connecting to MongoDB...
2026-02-05 11:33:38,582 - AQI_PIPELINE - INFO - Connecting to MongoDB Atlas...
2026-02-05 11:33:40,325 - AQI_PIPELINE - INFO - Connected to MongoDB | DB: pearls_aqi
2026-02-05 11:35:41,248 - AQI_PIPELINE - INFO - Connecting to MongoDB...
2026-02-05 11:35:41,249 - AQI_PIPELINE - INFO - Connecting to MongoDB Atlas...
2026-02-05 11:35:42,627 - AQI_PIPELINE - INFO - Connected to MongoDB | DB: pearls_aqi
2026-02-05 12:17:43,181 - AQI_PIPELINE - INFO - Connecting to MongoDB Atlas...
2026-02-05 12:17:44,799 - AQI_PIPELINE - INFO - Connected to MongoDB | DB: pearls_aqi
2026-02-05 12:30:39,476 - AQI_PIPELINE - INFO - Connecting to MongoDB Atlas...
2026-02-05 12:30:40,923 - AQI_PIPELINE - INFO - Connected to MongoDB | DB: pearls_aqi
2026-02-05 12:32:02,013 - AQI_PIPELINE - INFO - Connecting to MongoDB Atlas...
2026-02-05 12:32:03,161 - AQI_PIPELINE - INFO - Connected to MongoDB | DB: pearls_aqi
2026-02-05 12:32:12,153 - AQI_PIPELINE - INFO - Connecting to MongoDB Atlas...
2026-02-05 12:32:13,200 - AQI_PIPELINE - INFO - Connected to MongoDB | DB: pearls_aqi
2026-02-05 12:33:15,226 - AQI_PIPELINE - INFO - Connecting to MongoDB Atlas...
2026-02-05 12:33:16,940 - AQI_PIPELINE - INFO - Connected to MongoDB | DB: pearls_aqi
2026-02-05 12:35:02,275 - AQI_PIPELINE - INFO - Connecting to MongoDB Atlas...
2026-02-05 12:35:04,219 - AQI_PIPELINE - INFO - Connected to MongoDB | DB: pearls_aqi
2026-02-05 12:36:01,026 - AQI_PIPELINE - INFO - Connecting to MongoDB Atlas...
2026-02-05 12:36:02,176 - AQI_PIPELINE - INFO - Connected to MongoDB | DB: pearls_aqi
2026-02-05 12:39:54,021 - AQI_PIPELINE - INFO - Starting FEATURE ENGINEERING pipeline...
2026-02-05 12:39:54,023 - AQI_PIPELINE - INFO - Loading CLEAN dataset...
2026-02-05 12:39:54,024 - AQI_PIPELINE - INFO - Connecting to MongoDB Atlas...
2026-02-05 12:39:55,507 - AQI_PIPELINE - INFO - Connected to MongoDB | DB: pearls_aqi
2026-02-05 12:44:54,899 - AQI_PIPELINE - INFO - Connecting to MongoDB Atlas...
2026-02-05 12:44:57,364 - AQI_PIPELINE - INFO - Connected to MongoDB | DB: pearls_aqi
2026-02-05 12:49:22,612 - AQI_PIPELINE - INFO - Starting FEATURE ENGINEERING pipeline...
2026-02-05 12:49:22,613 - AQI_PIPELINE - INFO - Loading CLEAN dataset...
2026-02-05 12:49:22,614 - AQI_PIPELINE - INFO - Connecting to MongoDB Atlas...
2026-02-05 12:49:23,872 - AQI_PIPELINE - INFO - Connected to MongoDB | DB: pearls_aqi
2026-02-05 12:49:24,910 - AQI_PIPELINE - INFO - Clean rows loaded: 4278
2026-02-05 12:49:24,916 - AQI_PIPELINE - INFO - Creating time features...
2026-02-05 12:49:24,932 - AQI_PIPELINE - INFO - Encoding wind direction...
2026-02-05 12:49:24,935 - AQI_PIPELINE - INFO - Creating lag features...
2026-02-05 12:49:24,944 - AQI_PIPELINE - INFO - Creating rolling statistics...
2026-02-05 12:49:24,967 - AQI_PIPELINE - INFO - Creating trend features...
2026-02-05 12:49:24,974 - AQI_PIPELINE - INFO - Creating physics interaction features...
2026-02-05 12:49:24,980 - AQI_PIPELINE - INFO - Creating forecast target...
2026-02-05 12:49:24,986 - AQI_PIPELINE - INFO - Dropping rows with NaNs created by lags/rolling/target...
2026-02-05 12:49:25,019 - AQI_PIPELINE - INFO - Dropped 150 rows
2026-02-05 12:49:25,020 - AQI_PIPELINE - INFO - Writing features to MongoDB...
2026-02-05 12:49:42,105 - AQI_PIPELINE - INFO - Upserts completed: 4128
2026-02-05 16:15:06,405 - AQI_PIPELINE - INFO - Running FEATURE DATASET sanity check...
2026-02-05 16:15:06,406 - AQI_PIPELINE - INFO - Connecting to MongoDB Atlas...
2026-02-05 16:15:07,915 - AQI_PIPELINE - INFO - Connected to MongoDB | DB: pearls_aqi
2026-02-05 16:38:16,478 - AQI_PIPELINE - INFO - Starting MODEL TRAINING pipeline...
2026-02-05 16:38:16,478 - AQI_PIPELINE - INFO - Loading FEATURE dataset from MongoDB...
2026-02-05 16:38:16,478 - AQI_PIPELINE - INFO - Connecting to MongoDB Atlas...
2026-02-05 16:38:18,401 - AQI_PIPELINE - INFO - Connected to MongoDB | DB: pearls_aqi
2026-02-05 16:38:21,594 - AQI_PIPELINE - INFO - Rows loaded: 4128
2026-02-05 16:38:21,609 - AQI_PIPELINE - INFO - Preparing training data...
2026-02-05 16:38:21,639 - AQI_PIPELINE - INFO - Total features used: 44
2026-02-05 16:38:21,639 - AQI_PIPELINE - INFO - Train size: 3302
2026-02-05 16:38:21,639 - AQI_PIPELINE - INFO - Test size: 826
2026-02-05 16:38:21,645 - AQI_PIPELINE - INFO - Training Ridge Regression...
2026-02-05 16:38:21,663 - AQI_PIPELINE - INFO - Training RandomForest...
2026-02-05 16:38:30,259 - AQI_PIPELINE - INFO - Training XGBoost...
2026-02-05 16:38:38,863 - AQI_PIPELINE - INFO - 
MODEL PERFORMANCE:

2026-02-05 16:38:38,863 - AQI_PIPELINE - INFO - Ridge -> RMSE: 40.59 | MAE: 31.13 | R2: -1.453
2026-02-05 16:38:38,863 - AQI_PIPELINE - INFO - RandomForest -> RMSE: 47.58 | MAE: 37.59 | R2: -2.371
2026-02-05 16:38:38,863 - AQI_PIPELINE - INFO - XGBoost -> RMSE: 42.53 | MAE: 34.74 | R2: -1.693
2026-02-05 16:38:38,863 - AQI_PIPELINE - INFO - 
BEST MODEL: Ridge
2026-02-05 16:38:38,875 - AQI_PIPELINE - INFO - Model saved -> models\Ridge_20260205_1638.pkl
2026-02-05 16:38:38,982 - AQI_PIPELINE - INFO - Model registered inside MongoDB.
2026-02-05 16:38:38,982 - AQI_PIPELINE - INFO - 
=========== TRAINING COMPLETE ===========

2026-02-05 17:28:27,162 - AQI_PIPELINE - INFO - Starting FEATURE ENGINEERING pipeline...
2026-02-05 17:28:27,162 - AQI_PIPELINE - INFO - Loading CLEAN dataset...
2026-02-05 17:28:27,163 - AQI_PIPELINE - INFO - Connecting to MongoDB Atlas...
2026-02-05 17:28:28,666 - AQI_PIPELINE - INFO - Connected to MongoDB | DB: pearls_aqi
2026-02-05 17:28:30,646 - AQI_PIPELINE - INFO - Clean rows loaded: 4278
2026-02-05 17:28:30,663 - AQI_PIPELINE - INFO - Creating time features...
2026-02-05 17:28:30,737 - AQI_PIPELINE - INFO - Encoding wind direction...
2026-02-05 17:28:30,754 - AQI_PIPELINE - INFO - Creating lag features...
2026-02-05 17:28:30,769 - AQI_PIPELINE - INFO - Creating rolling statistics...
2026-02-05 17:28:30,839 - AQI_PIPELINE - INFO - Creating trend features...
2026-02-05 17:28:30,914 - AQI_PIPELINE - INFO - Creating physics interaction features...
2026-02-05 17:28:30,926 - AQI_PIPELINE - INFO - Creating forecast target...
2026-02-05 17:28:30,949 - AQI_PIPELINE - INFO - Dropping rows with NaNs created by lags/rolling/target...
2026-02-05 17:28:31,031 - AQI_PIPELINE - INFO - Dropped 79 rows
2026-02-05 17:28:31,034 - AQI_PIPELINE - INFO - Writing features to MongoDB...
2026-02-05 17:29:10,949 - AQI_PIPELINE - INFO - Upserts completed: 4199
2026-02-05 17:53:35,646 - AQI_PIPELINE - INFO - Running FEATURE DATASET sanity check...
2026-02-05 17:53:35,648 - AQI_PIPELINE - INFO - Connecting to MongoDB Atlas...
2026-02-05 17:53:39,696 - AQI_PIPELINE - INFO - Connected to MongoDB | DB: pearls_aqi
2026-02-05 17:56:14,839 - AQI_PIPELINE - INFO - Running FEATURE DATASET sanity check...
2026-02-05 17:56:14,839 - AQI_PIPELINE - INFO - Connecting to MongoDB Atlas...
2026-02-05 17:56:16,240 - AQI_PIPELINE - INFO - Connected to MongoDB | DB: pearls_aqi
2026-02-05 19:05:45,822 - AQI_PIPELINE - INFO - Starting FEATURE ENGINEERING pipeline...
2026-02-05 19:05:45,822 - AQI_PIPELINE - INFO - Loading CLEAN dataset...
2026-02-05 19:05:45,823 - AQI_PIPELINE - INFO - Connecting to MongoDB Atlas...
2026-02-05 19:05:47,514 - AQI_PIPELINE - INFO - Connected to MongoDB | DB: pearls_aqi
2026-02-05 19:05:48,848 - AQI_PIPELINE - INFO - Clean rows loaded: 4278
2026-02-05 19:05:48,851 - AQI_PIPELINE - INFO - Creating time features...
2026-02-05 19:05:48,867 - AQI_PIPELINE - INFO - Encoding wind direction...
2026-02-05 19:05:48,868 - AQI_PIPELINE - INFO - Creating lag features...
2026-02-05 19:05:48,877 - AQI_PIPELINE - INFO - Creating rolling statistics...
2026-02-05 19:05:48,897 - AQI_PIPELINE - INFO - Creating trend features...
2026-02-05 19:05:48,910 - AQI_PIPELINE - INFO - Creating physics interaction features...
2026-02-05 19:05:48,914 - AQI_PIPELINE - INFO - Creating multi-horizon forecast targets...
2026-02-05 19:05:48,923 - AQI_PIPELINE - INFO - Dropping rows with NaNs created by lags/rolling/target...
2026-02-05 19:05:48,963 - AQI_PIPELINE - INFO - Dropped 150 rows
2026-02-05 19:05:48,964 - AQI_PIPELINE - INFO - Writing features to MongoDB...
2026-02-05 19:06:03,105 - AQI_PIPELINE - INFO - Upserts completed: 4128
2026-02-05 19:19:56,687 - AQI_PIPELINE - INFO - Running FEATURE DATASET sanity check...
2026-02-05 19:19:56,688 - AQI_PIPELINE - INFO - Connecting to MongoDB Atlas...
2026-02-05 19:19:58,997 - AQI_PIPELINE - INFO - Connected to MongoDB | DB: pearls_aqi
2026-02-05 19:26:23,569 - AQI_PIPELINE - INFO - Starting MULTI-HORIZON training pipeline...
2026-02-05 19:26:23,570 - AQI_PIPELINE - INFO - Loading FEATURE dataset from MongoDB...
2026-02-05 19:26:23,570 - AQI_PIPELINE - INFO - Connecting to MongoDB Atlas...
2026-02-05 19:26:25,750 - AQI_PIPELINE - INFO - Connected to MongoDB | DB: pearls_aqi
2026-02-05 19:26:29,984 - AQI_PIPELINE - INFO - Rows loaded: 4128
2026-02-05 19:26:29,998 - AQI_PIPELINE - INFO - 

========= TRAINING FOR pm2_5_target_t+24 =========
2026-02-05 19:26:29,998 - AQI_PIPELINE - INFO - Preparing training data for TARGET -> pm2_5_target_t+24
2026-02-05 19:26:30,047 - AQI_PIPELINE - INFO - Total features used: 46
2026-02-05 19:27:04,529 - AQI_PIPELINE - INFO - 
=========== MODEL PERFORMANCE ===========

2026-02-05 19:27:04,531 - AQI_PIPELINE - INFO - Ridge -> RMSE: 43.42 | MAE: 39.07 | R2: -2.039
2026-02-05 19:27:04,531 - AQI_PIPELINE - INFO - RandomForest -> RMSE: 25.21 | MAE: 18.77 | R2: -0.024
2026-02-05 19:27:04,532 - AQI_PIPELINE - INFO - XGBoost -> RMSE: 24.92 | MAE: 18.66 | R2: -0.001
2026-02-05 19:27:04,533 - AQI_PIPELINE - INFO - 
BEST MODEL: XGBoost
2026-02-05 19:27:04,724 - AQI_PIPELINE - INFO - Model saved + registered -> XGBoost_pm2_5_target_t+24_20260205_1927.pkl
2026-02-05 19:27:04,726 - AQI_PIPELINE - INFO - 

========= TRAINING FOR pm2_5_target_t+48 =========
2026-02-05 19:27:04,728 - AQI_PIPELINE - INFO - Preparing training data for TARGET -> pm2_5_target_t+48
2026-02-05 19:27:04,779 - AQI_PIPELINE - INFO - Total features used: 46
2026-02-05 19:27:36,475 - AQI_PIPELINE - INFO - 
=========== MODEL PERFORMANCE ===========

2026-02-05 19:27:36,476 - AQI_PIPELINE - INFO - Ridge -> RMSE: 21.60 | MAE: 15.96 | R2: 0.300
2026-02-05 19:27:36,477 - AQI_PIPELINE - INFO - RandomForest -> RMSE: 26.08 | MAE: 18.30 | R2: -0.019
2026-02-05 19:27:36,478 - AQI_PIPELINE - INFO - XGBoost -> RMSE: 24.78 | MAE: 17.84 | R2: 0.079
2026-02-05 19:27:36,478 - AQI_PIPELINE - INFO - 
BEST MODEL: Ridge
2026-02-05 19:27:36,579 - AQI_PIPELINE - INFO - Model saved + registered -> Ridge_pm2_5_target_t+48_20260205_1927.pkl
2026-02-05 19:27:36,580 - AQI_PIPELINE - INFO - 

========= TRAINING FOR pm2_5_target_t+72 =========
2026-02-05 19:27:36,581 - AQI_PIPELINE - INFO - Preparing training data for TARGET -> pm2_5_target_t+72
2026-02-05 19:27:36,615 - AQI_PIPELINE - INFO - Total features used: 46
2026-02-05 19:28:10,572 - AQI_PIPELINE - INFO - 
=========== MODEL PERFORMANCE ===========

2026-02-05 19:28:10,573 - AQI_PIPELINE - INFO - Ridge -> RMSE: 36.55 | MAE: 29.60 | R2: -0.989
2026-02-05 19:28:10,573 - AQI_PIPELINE - INFO - RandomForest -> RMSE: 27.70 | MAE: 19.93 | R2: -0.143
2026-02-05 19:28:10,574 - AQI_PIPELINE - INFO - XGBoost -> RMSE: 27.41 | MAE: 19.80 | R2: -0.119
2026-02-05 19:28:10,575 - AQI_PIPELINE - INFO - 
BEST MODEL: XGBoost
2026-02-05 19:28:10,774 - AQI_PIPELINE - INFO - Model saved + registered -> XGBoost_pm2_5_target_t+72_20260205_1928.pkl
2026-02-05 19:28:10,775 - AQI_PIPELINE - INFO - 
=========== ALL MODELS TRAINED ===========

2026-02-05 20:26:09,328 - AQI_PIPELINE - INFO - Starting FEATURE ENGINEERING pipeline...
2026-02-05 20:26:09,329 - AQI_PIPELINE - INFO - Loading CLEAN dataset...
2026-02-05 20:26:09,330 - AQI_PIPELINE - INFO - Connecting to MongoDB Atlas...
2026-02-05 20:26:10,963 - AQI_PIPELINE - INFO - Connected to MongoDB | DB: pearls_aqi
2026-02-05 20:26:12,052 - AQI_PIPELINE - INFO - Clean rows loaded: 4278
2026-02-05 20:26:12,081 - AQI_PIPELINE - WARNING - Time gaps detected (missing hours): 2
2026-02-05 20:26:12,082 - AQI_PIPELINE - INFO - Creating time features...
2026-02-05 20:26:12,105 - AQI_PIPELINE - INFO - Encoding wind direction...
2026-02-05 20:26:12,109 - AQI_PIPELINE - INFO - Creating lag features...
2026-02-05 20:26:12,120 - AQI_PIPELINE - INFO - Creating rolling statistics...
2026-02-05 20:26:12,163 - AQI_PIPELINE - INFO - Creating rolling weather features...
2026-02-05 20:26:12,198 - AQI_PIPELINE - INFO - Creating trend features...
2026-02-05 20:26:12,213 - AQI_PIPELINE - INFO - Creating physics interaction features...
2026-02-05 20:26:12,217 - AQI_PIPELINE - INFO - Creating multi-horizon forecast targets...
2026-02-05 20:26:12,221 - AQI_PIPELINE - INFO - Dropping rows with NaNs created by lags/rolling/target...
2026-02-05 20:26:12,252 - AQI_PIPELINE - INFO - Dropped 246 rows
2026-02-05 20:26:12,256 - AQI_PIPELINE - INFO - Writing features to MongoDB...
2026-02-05 20:26:38,355 - AQI_PIPELINE - INFO - Upserts completed: 4032
2026-02-05 20:29:15,072 - AQI_PIPELINE - INFO - Running FEATURE DATASET sanity check...
2026-02-05 20:29:15,074 - AQI_PIPELINE - INFO - Connecting to MongoDB Atlas...
2026-02-05 20:29:17,218 - AQI_PIPELINE - INFO - Connected to MongoDB | DB: pearls_aqi
2026-02-05 20:31:14,254 - AQI_PIPELINE - INFO - Running FEATURE DATASET sanity check...
2026-02-05 20:31:14,255 - AQI_PIPELINE - INFO - Connecting to MongoDB Atlas...
2026-02-05 20:31:15,950 - AQI_PIPELINE - INFO - Connected to MongoDB | DB: pearls_aqi
2026-02-05 20:32:41,195 - AQI_PIPELINE - INFO - Starting MULTI-HORIZON training pipeline...
2026-02-05 20:32:41,196 - AQI_PIPELINE - INFO - Loading FEATURE dataset from MongoDB...
2026-02-05 20:32:41,197 - AQI_PIPELINE - INFO - Connecting to MongoDB Atlas...
2026-02-05 20:32:43,402 - AQI_PIPELINE - INFO - Connected to MongoDB | DB: pearls_aqi
2026-02-05 20:32:49,333 - AQI_PIPELINE - INFO - Rows loaded: 4032
2026-02-05 20:32:49,333 - AQI_PIPELINE - INFO - Columns loaded: 99
2026-02-05 20:32:49,349 - AQI_PIPELINE - INFO - 

========= TRAINING FOR pm2_5_target_t+24 =========
2026-02-05 20:32:49,349 - AQI_PIPELINE - INFO - Preparing training data for TARGET -> pm2_5_target_t+24
2026-02-05 20:32:49,432 - AQI_PIPELINE - INFO - Final rows for training: 4032
2026-02-05 20:32:49,433 - AQI_PIPELINE - INFO - Total features used: 92
2026-02-05 20:34:43,861 - AQI_PIPELINE - INFO - 
=========== MODEL PERFORMANCE ===========

2026-02-05 20:34:43,861 - AQI_PIPELINE - INFO - Baseline RMSE: 23.86

2026-02-05 20:34:43,861 - AQI_PIPELINE - INFO - Ridge -> RMSE: 163.47 | MAE: 155.16 | R2: -45.934
2026-02-05 20:34:43,861 - AQI_PIPELINE - INFO - RandomForest -> RMSE: 33.06 | MAE: 27.46 | R2: -0.920
2026-02-05 20:34:43,861 - AQI_PIPELINE - INFO - XGBoost -> RMSE: 33.75 | MAE: 27.91 | R2: -1.001
2026-02-05 20:34:43,861 - AQI_PIPELINE - INFO - 
BEST MODEL: RandomForest
2026-02-05 20:34:44,474 - AQI_PIPELINE - INFO - Model saved + registered -> RandomForest_pm2_5_target_t+24_20260205_2034.pkl
2026-02-05 20:34:44,474 - AQI_PIPELINE - INFO - 

========= TRAINING FOR pm2_5_target_t+48 =========
2026-02-05 20:34:44,474 - AQI_PIPELINE - INFO - Preparing training data for TARGET -> pm2_5_target_t+48
2026-02-05 20:34:44,526 - AQI_PIPELINE - INFO - Final rows for training: 4032
2026-02-05 20:34:44,526 - AQI_PIPELINE - INFO - Total features used: 92
2026-02-05 20:36:23,899 - AQI_PIPELINE - INFO - 
=========== MODEL PERFORMANCE ===========

2026-02-05 20:36:23,899 - AQI_PIPELINE - INFO - Baseline RMSE: 25.51

2026-02-05 20:36:23,899 - AQI_PIPELINE - INFO - Ridge -> RMSE: 180.23 | MAE: 172.72 | R2: -48.921
2026-02-05 20:36:23,907 - AQI_PIPELINE - INFO - RandomForest -> RMSE: 45.83 | MAE: 37.26 | R2: -2.228
2026-02-05 20:36:23,907 - AQI_PIPELINE - INFO - XGBoost -> RMSE: 52.12 | MAE: 44.88 | R2: -3.174
2026-02-05 20:36:23,907 - AQI_PIPELINE - INFO - 
BEST MODEL: RandomForest
2026-02-05 20:36:24,419 - AQI_PIPELINE - INFO - Model saved + registered -> RandomForest_pm2_5_target_t+48_20260205_2036.pkl
2026-02-05 20:36:24,419 - AQI_PIPELINE - INFO - 

========= TRAINING FOR pm2_5_target_t+72 =========
2026-02-05 20:36:24,419 - AQI_PIPELINE - INFO - Preparing training data for TARGET -> pm2_5_target_t+72
2026-02-05 20:36:24,474 - AQI_PIPELINE - INFO - Final rows for training: 4032
2026-02-05 20:36:24,474 - AQI_PIPELINE - INFO - Total features used: 92
2026-02-05 20:37:56,482 - AQI_PIPELINE - INFO - 
=========== MODEL PERFORMANCE ===========

2026-02-05 20:37:56,482 - AQI_PIPELINE - INFO - Baseline RMSE: 25.95

2026-02-05 20:37:56,482 - AQI_PIPELINE - INFO - Ridge -> RMSE: 124.15 | MAE: 116.80 | R2: -21.893
2026-02-05 20:37:56,482 - AQI_PIPELINE - INFO - RandomForest -> RMSE: 93.99 | MAE: 72.68 | R2: -12.120
2026-02-05 20:37:56,482 - AQI_PIPELINE - INFO - XGBoost -> RMSE: 84.92 | MAE: 67.28 | R2: -9.709
2026-02-05 20:37:56,482 - AQI_PIPELINE - INFO - 
BEST MODEL: XGBoost
2026-02-05 20:37:56,716 - AQI_PIPELINE - INFO - Model saved + registered -> XGBoost_pm2_5_target_t+72_20260205_2037.pkl
2026-02-05 20:37:56,731 - AQI_PIPELINE - INFO - 
=========== ALL MODELS TRAINED ===========

2026-02-05 20:46:03,765 - AQI_PIPELINE - INFO - Starting MULTI-HORIZON training pipeline...
2026-02-05 20:46:03,765 - AQI_PIPELINE - INFO - Loading FEATURE dataset from MongoDB...
2026-02-05 20:46:03,765 - AQI_PIPELINE - INFO - Connecting to MongoDB Atlas...
2026-02-05 20:46:05,761 - AQI_PIPELINE - INFO - Connected to MongoDB | DB: pearls_aqi
2026-02-05 20:46:11,286 - AQI_PIPELINE - INFO - Rows loaded: 4032
2026-02-05 20:46:11,286 - AQI_PIPELINE - INFO - Columns loaded: 99
2026-02-05 20:46:11,305 - AQI_PIPELINE - INFO - 

========= TRAINING FOR pm2_5_target_t+24 =========
2026-02-05 20:46:11,306 - AQI_PIPELINE - INFO - Preparing training data for TARGET -> pm2_5_target_t+24
2026-02-05 20:46:11,345 - AQI_PIPELINE - INFO - Final rows for training: 4032
2026-02-05 20:46:11,345 - AQI_PIPELINE - INFO - Total features used: 81
2026-02-05 20:47:26,576 - AQI_PIPELINE - INFO - 
=========== MODEL PERFORMANCE ===========

2026-02-05 20:47:26,576 - AQI_PIPELINE - INFO - Baseline RMSE: 23.86

2026-02-05 20:47:26,576 - AQI_PIPELINE - INFO - Ridge -> RMSE: 182.31 | MAE: 173.46 | R2: -57.377
2026-02-05 20:47:26,576 - AQI_PIPELINE - INFO - RandomForest -> RMSE: 33.47 | MAE: 27.43 | R2: -0.968
2026-02-05 20:47:26,576 - AQI_PIPELINE - INFO - XGBoost -> RMSE: 34.84 | MAE: 29.19 | R2: -1.132
2026-02-05 20:47:26,576 - AQI_PIPELINE - INFO - 
BEST MODEL: RandomForest
2026-02-05 20:47:27,216 - AQI_PIPELINE - INFO - Model saved + registered -> RandomForest_pm2_5_target_t+24_20260205_2047.pkl
2026-02-05 20:47:27,216 - AQI_PIPELINE - INFO - 

========= TRAINING FOR pm2_5_target_t+48 =========
2026-02-05 20:47:27,216 - AQI_PIPELINE - INFO - Preparing training data for TARGET -> pm2_5_target_t+48
2026-02-05 20:47:27,264 - AQI_PIPELINE - INFO - Final rows for training: 4032
2026-02-05 20:47:27,264 - AQI_PIPELINE - INFO - Total features used: 81
2026-02-05 20:48:48,344 - AQI_PIPELINE - INFO - 
=========== MODEL PERFORMANCE ===========

2026-02-05 20:48:48,344 - AQI_PIPELINE - INFO - Baseline RMSE: 25.51

2026-02-05 20:48:48,344 - AQI_PIPELINE - INFO - Ridge -> RMSE: 202.71 | MAE: 194.46 | R2: -62.151
2026-02-05 20:48:48,344 - AQI_PIPELINE - INFO - RandomForest -> RMSE: 46.07 | MAE: 37.39 | R2: -2.261
2026-02-05 20:48:48,344 - AQI_PIPELINE - INFO - XGBoost -> RMSE: 49.25 | MAE: 40.92 | R2: -2.728
2026-02-05 20:48:48,344 - AQI_PIPELINE - INFO - 
BEST MODEL: RandomForest
2026-02-05 20:48:48,855 - AQI_PIPELINE - INFO - Model saved + registered -> RandomForest_pm2_5_target_t+48_20260205_2048.pkl
2026-02-05 20:48:48,874 - AQI_PIPELINE - INFO - 

========= TRAINING FOR pm2_5_target_t+72 =========
2026-02-05 20:48:48,875 - AQI_PIPELINE - INFO - Preparing training data for TARGET -> pm2_5_target_t+72
2026-02-05 20:48:48,924 - AQI_PIPELINE - INFO - Final rows for training: 4032
2026-02-05 20:48:48,924 - AQI_PIPELINE - INFO - Total features used: 81
2026-02-05 20:50:21,433 - AQI_PIPELINE - INFO - 
=========== MODEL PERFORMANCE ===========

2026-02-05 20:50:21,436 - AQI_PIPELINE - INFO - Baseline RMSE: 25.95

2026-02-05 20:50:21,436 - AQI_PIPELINE - INFO - Ridge -> RMSE: 181.59 | MAE: 172.79 | R2: -47.973
2026-02-05 20:50:21,436 - AQI_PIPELINE - INFO - RandomForest -> RMSE: 94.19 | MAE: 72.98 | R2: -12.177
2026-02-05 20:50:21,437 - AQI_PIPELINE - INFO - XGBoost -> RMSE: 83.38 | MAE: 66.67 | R2: -9.324
2026-02-05 20:50:21,438 - AQI_PIPELINE - INFO - 
BEST MODEL: XGBoost
2026-02-05 20:50:21,725 - AQI_PIPELINE - INFO - Model saved + registered -> XGBoost_pm2_5_target_t+72_20260205_2050.pkl
2026-02-05 20:50:21,727 - AQI_PIPELINE - INFO - 
=========== ALL MODELS TRAINED ===========

2026-02-05 21:02:24,735 - AQI_PIPELINE - INFO - Starting FEATURE ENGINEERING...
2026-02-05 21:02:24,743 - AQI_PIPELINE - INFO - Loading raw data from MongoDB...
2026-02-05 21:02:24,743 - AQI_PIPELINE - INFO - Connecting to MongoDB Atlas...
2026-02-05 21:02:26,192 - AQI_PIPELINE - INFO - Connected to MongoDB | DB: pearls_aqi
2026-02-05 21:09:33,789 - AQI_PIPELINE - INFO - Starting FEATURE ENGINEERING...
2026-02-05 21:09:33,789 - AQI_PIPELINE - INFO - Loading raw data from MongoDB...
2026-02-05 21:09:33,789 - AQI_PIPELINE - INFO - Connecting to MongoDB Atlas...
2026-02-05 21:09:36,726 - AQI_PIPELINE - INFO - Connected to MongoDB | DB: pearls_aqi
2026-02-05 21:34:44,623 - AQI_PIPELINE - INFO - Starting FEATURE ENGINEERING pipeline...
2026-02-05 21:34:44,624 - AQI_PIPELINE - INFO - Loading CLEAN dataset...
2026-02-05 21:34:44,625 - AQI_PIPELINE - INFO - Connecting to MongoDB Atlas...
2026-02-05 21:37:43,310 - AQI_PIPELINE - INFO - Starting FEATURE ENGINEERING pipeline...
2026-02-05 21:37:43,310 - AQI_PIPELINE - INFO - Loading CLEAN dataset...
2026-02-05 21:37:43,310 - AQI_PIPELINE - INFO - Connecting to MongoDB Atlas...
2026-02-05 21:39:17,670 - AQI_PIPELINE - INFO - Starting FEATURE ENGINEERING pipeline...
2026-02-05 21:39:17,670 - AQI_PIPELINE - INFO - Loading CLEAN dataset...
2026-02-05 21:39:17,670 - AQI_PIPELINE - INFO - Connecting to MongoDB Atlas...
2026-02-05 21:39:19,751 - AQI_PIPELINE - INFO - Connected to MongoDB | DB: pearls_aqi
2026-02-05 21:39:23,777 - AQI_PIPELINE - INFO - Rows loaded: 4278
2026-02-05 21:39:23,785 - AQI_PIPELINE - INFO - Clipping extreme PM2.5 values...
2026-02-05 21:39:23,795 - AQI_PIPELINE - INFO - Creating time features...
2026-02-05 21:39:23,809 - AQI_PIPELINE - INFO - Encoding wind direction...
2026-02-05 21:39:23,809 - AQI_PIPELINE - INFO - Creating lag features...
2026-02-05 21:39:23,820 - AQI_PIPELINE - INFO - Creating rolling statistics...
2026-02-05 21:39:23,854 - AQI_PIPELINE - INFO - Creating trend features...
2026-02-05 21:39:23,866 - AQI_PIPELINE - INFO - Creating physics interaction features...
2026-02-05 21:39:23,871 - AQI_PIPELINE - INFO - Creating targets for 24 / 48 / 72 hours...
2026-02-05 21:39:23,872 - AQI_PIPELINE - INFO - Final cleaning...
2026-02-05 21:39:23,904 - AQI_PIPELINE - INFO - Dropped rows: 150
2026-02-05 21:39:23,905 - AQI_PIPELINE - INFO - Writing features to MongoDB...
2026-02-05 21:41:13,451 - AQI_PIPELINE - INFO - Upserts completed: 4128
2026-02-05 21:48:27,860 - AQI_PIPELINE - INFO - Starting MODEL TRAINING pipeline...
2026-02-05 21:48:27,860 - AQI_PIPELINE - INFO - Loading FEATURE dataset from MongoDB...
2026-02-05 21:48:27,860 - AQI_PIPELINE - INFO - Connecting to MongoDB Atlas...
2026-02-05 21:49:10,926 - AQI_PIPELINE - INFO - Starting MODEL TRAINING pipeline...
2026-02-05 21:49:10,926 - AQI_PIPELINE - INFO - Loading FEATURE dataset from MongoDB...
2026-02-05 21:49:10,926 - AQI_PIPELINE - INFO - Connecting to MongoDB Atlas...
2026-02-05 21:49:22,291 - AQI_PIPELINE - INFO - Connected to MongoDB | DB: pearls_aqi
2026-02-05 21:49:38,789 - AQI_PIPELINE - INFO - Rows loaded: 4128
2026-02-05 21:49:38,804 - AQI_PIPELINE - INFO - Preparing training data...
2026-02-05 21:49:38,899 - AQI_PIPELINE - INFO - Features used: 52
2026-02-05 21:49:38,902 - AQI_PIPELINE - INFO - Training rows: 4128
2026-02-05 21:49:38,904 - AQI_PIPELINE - INFO - Train size: 3302
2026-02-05 21:49:38,904 - AQI_PIPELINE - INFO - Test size: 826
2026-02-05 21:49:38,905 - AQI_PIPELINE - INFO - Training Ridge...
2026-02-05 21:49:38,965 - AQI_PIPELINE - INFO - Training RandomForest...
2026-02-05 21:50:18,704 - AQI_PIPELINE - INFO - Training XGBoost...
2026-02-05 21:50:37,239 - AQI_PIPELINE - INFO - 
=========== MODEL PERFORMANCE ===========

2026-02-05 21:50:37,675 - AQI_PIPELINE - INFO - 
BEST MODEL: XGBoost
2026-02-05 21:50:37,884 - AQI_PIPELINE - INFO - Model registered in MongoDB.
2026-02-05 21:50:37,888 - AQI_PIPELINE - INFO - 
=========== TRAINING COMPLETE ===========

2026-02-05 21:53:30,107 - AQI_PIPELINE - INFO - Starting MODEL TRAINING pipeline...
2026-02-05 21:53:30,109 - AQI_PIPELINE - INFO - Loading FEATURE dataset from MongoDB...
2026-02-05 21:53:30,109 - AQI_PIPELINE - INFO - Connecting to MongoDB Atlas...
2026-02-05 21:55:03,066 - AQI_PIPELINE - INFO - Starting MODEL TRAINING pipeline...
2026-02-05 21:55:03,066 - AQI_PIPELINE - INFO - Loading FEATURE dataset from MongoDB...
2026-02-05 21:55:03,066 - AQI_PIPELINE - INFO - Connecting to MongoDB Atlas...
2026-02-05 21:55:05,652 - AQI_PIPELINE - INFO - Connected to MongoDB | DB: pearls_aqi
2026-02-05 21:55:29,463 - AQI_PIPELINE - INFO - Rows loaded: 4128
2026-02-05 21:55:29,481 - AQI_PIPELINE - INFO - Preparing training data...
2026-02-05 21:55:29,516 - AQI_PIPELINE - INFO - Features used: 52
2026-02-05 21:55:29,517 - AQI_PIPELINE - INFO - Training rows: 4128
2026-02-05 21:55:29,518 - AQI_PIPELINE - INFO - Train size: 3302
2026-02-05 21:55:29,518 - AQI_PIPELINE - INFO - Test size: 826
2026-02-05 21:55:29,519 - AQI_PIPELINE - INFO - Training Ridge...
2026-02-05 21:55:29,557 - AQI_PIPELINE - INFO - Training RandomForest...
2026-02-05 21:56:01,190 - AQI_PIPELINE - INFO - Training XGBoost...
2026-02-05 21:56:19,162 - AQI_PIPELINE - INFO - 
=========== MODEL PERFORMANCE ===========

2026-02-05 21:56:19,189 - AQI_PIPELINE - INFO - 
BEST MODEL: XGBoost
2026-02-05 21:56:19,534 - AQI_PIPELINE - INFO - Model registered in MongoDB.
2026-02-05 21:56:19,535 - AQI_PIPELINE - INFO - 
=========== TRAINING COMPLETE ===========

2026-02-05 22:16:27,994 - AQI_PIPELINE - INFO - Starting MODEL TRAINING pipeline...
2026-02-05 22:16:27,994 - AQI_PIPELINE - INFO - Loading FEATURE dataset from MongoDB...
2026-02-05 22:16:27,994 - AQI_PIPELINE - INFO - Connecting to MongoDB Atlas...
2026-02-05 22:16:31,803 - AQI_PIPELINE - INFO - Connected to MongoDB | DB: pearls_aqi
2026-02-05 22:17:01,209 - AQI_PIPELINE - INFO - Rows loaded: 4128
2026-02-05 22:17:01,224 - AQI_PIPELINE - INFO - Preparing training data...
2026-02-05 22:17:01,251 - AQI_PIPELINE - INFO - Features used: 52
2026-02-05 22:17:01,252 - AQI_PIPELINE - INFO - Training rows: 4128
2026-02-05 22:17:01,253 - AQI_PIPELINE - INFO - Train size: 3302
2026-02-05 22:17:01,253 - AQI_PIPELINE - INFO - Test size: 826
2026-02-05 22:17:01,260 - AQI_PIPELINE - INFO - 
NAIVE BASELINE (tomorrow = today)
2026-02-05 22:17:01,260 - AQI_PIPELINE - INFO - RMSE: 26.97 | MAE: 18.47 | R2: -0.173

2026-02-05 22:17:01,260 - AQI_PIPELINE - INFO - Training Ridge...
2026-02-05 22:17:01,304 - AQI_PIPELINE - INFO - Training RandomForest...
2026-02-05 22:17:16,475 - AQI_PIPELINE - INFO - Training XGBoost...
2026-02-05 22:17:21,433 - AQI_PIPELINE - INFO - 
=========== MODEL PERFORMANCE ===========

2026-02-05 22:17:21,443 - AQI_PIPELINE - INFO - Ridge -> RMSE: 43.64 | MAE: 39.54 | R2: -2.070
2026-02-05 22:17:21,443 - AQI_PIPELINE - WARNING - Ridge is WORSE than naive baseline!
2026-02-05 22:17:21,443 - AQI_PIPELINE - INFO - RandomForest -> RMSE: 35.21 | MAE: 26.63 | R2: -0.999
2026-02-05 22:17:21,443 - AQI_PIPELINE - WARNING - RandomForest is WORSE than naive baseline!
2026-02-05 22:17:21,445 - AQI_PIPELINE - INFO - XGBoost -> RMSE: 31.47 | MAE: 25.45 | R2: -0.597
2026-02-05 22:17:21,445 - AQI_PIPELINE - WARNING - XGBoost is WORSE than naive baseline!
2026-02-05 22:17:21,445 - AQI_PIPELINE - INFO - 
BEST MODEL: XGBoost
2026-02-05 22:17:21,473 - AQI_PIPELINE - INFO - Model saved -> models/XGBoost_20260205_2217.pkl
2026-02-05 22:17:21,696 - AQI_PIPELINE - INFO - Model registered in MongoDB.
2026-02-05 22:17:21,697 - AQI_PIPELINE - INFO - 
=========== TRAINING COMPLETE ===========

2026-02-05 22:25:21,975 - AQI_PIPELINE - INFO - Starting FEATURE ENGINEERING...
2026-02-05 22:25:21,975 - AQI_PIPELINE - INFO - Loading CLEAN dataset...
2026-02-05 22:25:21,975 - AQI_PIPELINE - INFO - Connecting to MongoDB Atlas...
2026-02-05 22:25:25,252 - AQI_PIPELINE - INFO - Connected to MongoDB | DB: pearls_aqi
2026-02-05 22:30:45,275 - AQI_PIPELINE - INFO - =========== STARTING TRAINING PIPELINE ===========
2026-02-05 22:30:45,275 - AQI_PIPELINE - INFO - Loading FEATURE dataset from MongoDB...
2026-02-05 22:30:45,277 - AQI_PIPELINE - INFO - Connecting to MongoDB Atlas...
2026-02-05 22:30:55,486 - AQI_PIPELINE - INFO - Connected to MongoDB | DB: pearls_aqi
2026-02-05 22:31:11,795 - AQI_PIPELINE - INFO - Rows loaded: 4200
2026-02-05 22:31:11,806 - AQI_PIPELINE - INFO - Preparing training data...
