2026-02-17 10:41:04,914 - AQI_PIPELINE - INFO - ========== BUILD CLEAN DATASET STARTED ==========
2026-02-17 10:41:04,915 - AQI_PIPELINE - INFO - Connecting to MongoDB Atlas...
2026-02-17 10:41:07,128 - AQI_PIPELINE - INFO - Connected to MongoDB | DB: pearls_aqi
2026-02-17 10:41:08,908 - AQI_PIPELINE - INFO - RAW rows loaded: 4564
2026-02-17 10:42:57,958 - AQI_PIPELINE - INFO - ========== BUILD CLEAN DATASET STARTED ==========
2026-02-17 10:42:57,958 - AQI_PIPELINE - INFO - Connecting to MongoDB Atlas...
2026-02-17 10:42:59,930 - AQI_PIPELINE - INFO - Connected to MongoDB | DB: pearls_aqi
2026-02-17 10:43:01,518 - AQI_PIPELINE - INFO - RAW rows loaded: 4564
2026-02-17 10:43:01,622 - AQI_PIPELINE - WARNING - Missing timestamps detected: 48 hours
2026-02-17 10:43:01,672 - AQI_PIPELINE - INFO - CLEAN rows ready: 4612
2026-02-17 10:43:01,722 - AQI_PIPELINE - INFO - Dropping old CLEAN_COLLECTION and inserting fresh data...
2026-02-17 10:43:10,116 - AQI_PIPELINE - INFO - ========== BUILD CLEAN DATASET COMPLETED ==========
2026-02-17 10:43:34,568 - AQI_PIPELINE - INFO - ========== FEATURE PIPELINE STARTED (CASE B HYBRID) ==========
2026-02-17 10:43:34,568 - AQI_PIPELINE - INFO - Connecting to MongoDB Atlas...
2026-02-17 10:43:35,888 - AQI_PIPELINE - INFO - Connected to MongoDB | DB: pearls_aqi
2026-02-17 10:43:37,977 - AQI_PIPELINE - INFO - CLEAN rows loaded: 4612
2026-02-17 10:43:38,337 - AQI_PIPELINE - INFO - Dropping old FEATURE_COLLECTION and inserting fresh dataset...
2026-02-17 10:44:01,217 - AQI_PIPELINE - INFO - ========== FEATURE PIPELINE COMPLETED (CASE B) | ROWS=4420 | COLS=107 ==========
2026-02-17 10:44:01,318 - AQI_PIPELINE - INFO - Sample feature keys: ['timestamp', 'city', 'co', 'humidity', 'ingested_at', 'no2', 'o3', 'pm10', 'pm2_5', 'precipitation', 'pressure', 'so2', 'source', 'temperature', 'wind_direction', 'wind_speed', 'aqi', 'hour', 'day_of_week', 'month'] ...
2026-02-17 10:44:35,824 - AQI_PIPELINE - INFO - ========== FEATURE CLEANING STARTED (CASE B) ==========
2026-02-17 10:44:35,825 - AQI_PIPELINE - INFO - Connecting to MongoDB Atlas...
2026-02-17 10:44:37,630 - AQI_PIPELINE - INFO - Connected to MongoDB | DB: pearls_aqi
2026-02-17 10:44:44,358 - AQI_PIPELINE - INFO - Feature rows loaded: 4420
2026-02-17 10:44:44,393 - AQI_PIPELINE - WARNING - 48 completely missing hours detected after reindex
2026-02-17 10:44:44,436 - AQI_PIPELINE - INFO - Rows after target filtering: 4420
2026-02-17 10:44:44,709 - AQI_PIPELINE - INFO - Dropping old CLEANED_FEATURE_COLLECTION and inserting fresh dataset...
2026-02-17 10:45:07,583 - AQI_PIPELINE - INFO - ========== FEATURE CLEANING COMPLETE (CASE B) ==========
2026-02-17 10:45:07,584 - AQI_PIPELINE - INFO - Final rows: 4420
2026-02-17 10:45:07,584 - AQI_PIPELINE - INFO - Final columns: 109
2026-02-17 15:18:50,457 - AQI_PIPELINE - INFO - ========== LATEST INGESTION START ==========
2026-02-17 15:18:50,458 - AQI_PIPELINE - INFO - Connecting to MongoDB Atlas...
2026-02-17 15:18:53,099 - AQI_PIPELINE - INFO - Connected to MongoDB | DB: pearls_aqi
2026-02-17 15:18:53,100 - AQI_PIPELINE - INFO - Fetching latest AQI data...
2026-02-17 15:18:53,616 - AQI_PIPELINE - INFO - Fetching latest weather data...
2026-02-17 15:18:55,121 - AQI_PIPELINE - INFO - Latest rows upserted: 0
2026-02-17 15:18:55,136 - AQI_PIPELINE - INFO - ========== INGESTION COMPLETE ==========
2026-02-17 16:02:49,431 - AQI_PIPELINE - INFO - ========== FEATURE PIPELINE STARTED (CASE B HYBRID) ==========
2026-02-17 16:02:49,432 - AQI_PIPELINE - INFO - Connecting to MongoDB Atlas...
2026-02-17 16:02:52,205 - AQI_PIPELINE - INFO - Connected to MongoDB | DB: pearls_aqi
2026-02-17 16:02:54,505 - AQI_PIPELINE - INFO - CLEAN rows loaded: 4618
2026-02-17 16:02:55,104 - AQI_PIPELINE - INFO - Dropping old FEATURE_COLLECTION and inserting fresh dataset...
2026-02-17 16:03:07,812 - AQI_PIPELINE - INFO - ========== FEATURE PIPELINE COMPLETED (CASE B) | ROWS=4426 | COLS=107 ==========
2026-02-17 16:03:08,039 - AQI_PIPELINE - INFO - Sample feature keys: ['timestamp', 'city', 'co', 'humidity', 'ingested_at', 'no2', 'o3', 'pm10', 'pm2_5', 'precipitation', 'pressure', 'so2', 'source', 'temperature', 'wind_direction', 'wind_speed', 'aqi', 'hour', 'day_of_week', 'month'] ...
2026-02-17 16:05:19,736 - AQI_PIPELINE - INFO - ========== FEATURE CLEANING STARTED (CASE B) ==========
2026-02-17 16:05:19,737 - AQI_PIPELINE - INFO - Connecting to MongoDB Atlas...
2026-02-17 16:05:21,545 - AQI_PIPELINE - INFO - Connected to MongoDB | DB: pearls_aqi
2026-02-17 16:05:29,752 - AQI_PIPELINE - INFO - Feature rows loaded: 4426
2026-02-17 16:05:29,805 - AQI_PIPELINE - WARNING - 48 completely missing hours detected after reindex
2026-02-17 16:05:29,836 - AQI_PIPELINE - INFO - Rows after target filtering: 4426
2026-02-17 16:05:30,034 - AQI_PIPELINE - INFO - Dropping old CLEANED_FEATURE_COLLECTION and inserting fresh dataset...
2026-02-17 16:06:08,441 - AQI_PIPELINE - INFO - ========== FEATURE CLEANING COMPLETE (CASE B) ==========
2026-02-17 16:06:08,442 - AQI_PIPELINE - INFO - Final rows: 4426
2026-02-17 16:06:08,443 - AQI_PIPELINE - INFO - Final columns: 109
2026-02-17 17:58:19,910 - AQI_PIPELINE - INFO - ========== FEATURE PIPELINE STARTED (CASE B HYBRID) ==========
2026-02-17 17:58:19,910 - AQI_PIPELINE - INFO - Connecting to MongoDB Atlas...
2026-02-17 17:58:21,679 - AQI_PIPELINE - INFO - Connected to MongoDB | DB: pearls_aqi
2026-02-17 17:58:23,354 - AQI_PIPELINE - INFO - CLEAN rows loaded: 4620
2026-02-17 17:58:23,691 - AQI_PIPELINE - INFO - Dropping old FEATURE_COLLECTION and inserting fresh dataset...
2026-02-17 17:59:24,926 - AQI_PIPELINE - INFO - ========== FEATURE PIPELINE COMPLETED | ROWS=4428 | COLS=108 ==========
2026-02-17 17:59:25,013 - AQI_PIPELINE - INFO - Sample feature keys: ['timestamp', 'city', 'co', 'humidity', 'ingested_at', 'no2', 'o3', 'pm10', 'pm2_5', 'precipitation', 'pressure', 'so2', 'source', 'temperature', 'wind_direction', 'wind_speed', 'aqi', 'hour', 'day_of_week', 'month'] ...
2026-02-17 18:07:07,953 - AQI_PIPELINE - INFO - ========== FEATURE CLEANING STARTED (CASE B) | MODE=training ==========
2026-02-17 18:07:07,953 - AQI_PIPELINE - INFO - Connecting to MongoDB Atlas...
2026-02-17 18:07:12,534 - AQI_PIPELINE - INFO - Connected to MongoDB | DB: pearls_aqi
2026-02-17 18:08:11,905 - AQI_PIPELINE - INFO - Feature rows loaded: 4428
2026-02-17 18:08:12,316 - AQI_PIPELINE - WARNING - 48 completely missing hours detected after reindex
2026-02-17 18:08:13,062 - AQI_PIPELINE - INFO - Dropping old CLEANED_FEATURE_COLLECTION and inserting fresh dataset...
2026-02-17 18:09:35,825 - AQI_PIPELINE - INFO - ========== FEATURE CLEANING COMPLETE | ROWS=4428 | MODE=training ==========
